<?xml version="1.0" encoding="UTF-8"?>
<!-- Generated by org.testng.reporters.JUnitReportReporter -->
<testsuite hostname="DESKTOP-R5GMP3G" failures="0" tests="1" name="testCases.TC_001_AccountRegistrationTest" time="6.549" errors="0" timestamp="2023-02-05T15:58:36 IST" skipped="0">
  <testcase classname="testCases.TC_001_AccountRegistrationTest" name="test_account_Registration" time="6.549"/>
  <system-out/>
</testsuite> <!-- testCases.TC_001_AccountRegistrationTest -->
